<?xml version="1.0" encoding="UTF-8"?>
<testng-results ignored="0" total="3" passed="2" failed="1" skipped="0">
  <reporter-output>
  </reporter-output>
  <suite started-at="2026-05-27T21:28:06 EDT" name="Default suite" finished-at="2026-05-27T21:28:45 EDT" duration-ms="39009">
    <groups>
    </groups>
    <test started-at="2026-05-27T21:28:06 EDT" name="Default test" finished-at="2026-05-27T21:28:45 EDT" duration-ms="39009">
      <class name="TestNGMethods.GoogleSearchPgAction2">
        <test-method is-config="true" signature="StartUp()[pri:0, instance:TestNGMethods.GoogleSearchPgAction2@710c2b53]" started-at="2026-05-27T21:28:06 EDT" name="StartUp" finished-at="2026-05-27T21:28:21 EDT" duration-ms="15660" status="PASS">
          <reporter-output>
          </reporter-output>
        </test-method> <!-- StartUp -->
        <test-method signature="SearchCars()[pri:0, instance:TestNGMethods.GoogleSearchPgAction2@710c2b53]" started-at="2026-05-27T21:28:21 EDT" name="SearchCars" finished-at="2026-05-27T21:28:24 EDT" duration-ms="2573" status="FAIL">
          <exception class="org.openqa.selenium.ElementNotInteractableException">
            <message>
              <![CDATA[Element <input class="gNO89b" name="btnK" type="submit"> could not be scrolled into view
Build info: version: '4.8.1', revision: '8ebccac989'
System info: os.name: 'Windows 10', os.arch: 'amd64', os.version: '10.0', java.version: '17.0.1'
Driver info: org.openqa.selenium.firefox.FirefoxDriver
Command: [354e029c-9cbc-415f-bcea-8dec00a90c90, clickElement {id=ba1bffbe-e45a-4a4e-9eac-75d107c47778}]
Capabilities {acceptInsecureCerts: true, browserName: firefox, browserVersion: 151.0.2, moz:accessibilityChecks: false, moz:buildID: 20260525130955, moz:geckodriverVersion: 0.36.0, moz:headless: false, moz:platformVersion: 10.0, moz:processID: 6968, moz:profile: C:\Users\saura\AppData\Loca..., moz:shutdownTimeout: 60000, moz:webdriverClick: true, moz:windowless: false, pageLoadStrategy: normal, platformName: WINDOWS, proxy: Proxy(), setWindowRect: true, strictFileInteractability: false, timeouts: {implicit: 0, pageLoad: 300000, script: 30000}, unhandledPromptBehavior: dismiss and notify, userAgent: Mozilla/5.0 (Windows NT 10....}
Element: [[FirefoxDriver: firefox on WINDOWS (354e029c-9cbc-415f-bcea-8dec00a90c90)] -> name: btnK]
Session ID: 354e029c-9cbc-415f-bcea-8dec00a90c90]]>
            </message>
            <full-stacktrace>
              <![CDATA[org.openqa.selenium.ElementNotInteractableException: Element <input class="gNO89b" name="btnK" type="submit"> could not be scrolled into view
Build info: version: '4.8.1', revision: '8ebccac989'
System info: os.name: 'Windows 10', os.arch: 'amd64', os.version: '10.0', java.version: '17.0.1'
Driver info: org.openqa.selenium.firefox.FirefoxDriver
Command: [354e029c-9cbc-415f-bcea-8dec00a90c90, clickElement {id=ba1bffbe-e45a-4a4e-9eac-75d107c47778}]
Capabilities {acceptInsecureCerts: true, browserName: firefox, browserVersion: 151.0.2, moz:accessibilityChecks: false, moz:buildID: 20260525130955, moz:geckodriverVersion: 0.36.0, moz:headless: false, moz:platformVersion: 10.0, moz:processID: 6968, moz:profile: C:\Users\saura\AppData\Loca..., moz:shutdownTimeout: 60000, moz:webdriverClick: true, moz:windowless: false, pageLoadStrategy: normal, platformName: WINDOWS, proxy: Proxy(), setWindowRect: true, strictFileInteractability: false, timeouts: {implicit: 0, pageLoad: 300000, script: 30000}, unhandledPromptBehavior: dismiss and notify, userAgent: Mozilla/5.0 (Windows NT 10....}
Element: [[FirefoxDriver: firefox on WINDOWS (354e029c-9cbc-415f-bcea-8dec00a90c90)] -> name: btnK]
Session ID: 354e029c-9cbc-415f-bcea-8dec00a90c90
at java.base/jdk.internal.reflect.NativeConstructorAccessorImpl.newInstance0(Native Method)
at java.base/jdk.internal.reflect.NativeConstructorAccessorImpl.newInstance(NativeConstructorAccessorImpl.java:77)
at java.base/jdk.internal.reflect.DelegatingConstructorAccessorImpl.newInstance(DelegatingConstructorAccessorImpl.java:45)
at java.base/java.lang.reflect.Constructor.newInstanceWithCaller(Constructor.java:499)
at java.base/java.lang.reflect.Constructor.newInstance(Constructor.java:480)
at org.openqa.selenium.remote.codec.w3c.W3CHttpResponseCodec.createException(W3CHttpResponseCodec.java:200)
at org.openqa.selenium.remote.codec.w3c.W3CHttpResponseCodec.decode(W3CHttpResponseCodec.java:133)
at org.openqa.selenium.remote.codec.w3c.W3CHttpResponseCodec.decode(W3CHttpResponseCodec.java:53)
at org.openqa.selenium.remote.HttpCommandExecutor.execute(HttpCommandExecutor.java:184)
at org.openqa.selenium.remote.service.DriverCommandExecutor.invokeExecute(DriverCommandExecutor.java:167)
at org.openqa.selenium.remote.service.DriverCommandExecutor.execute(DriverCommandExecutor.java:142)
at org.openqa.selenium.remote.RemoteWebDriver.execute(RemoteWebDriver.java:543)
at org.openqa.selenium.remote.RemoteWebElement.execute(RemoteWebElement.java:257)
at org.openqa.selenium.remote.RemoteWebElement.click(RemoteWebElement.java:78)
at TestNGMethods.GoogleSearchPgAction2.SearchCars(GoogleSearchPgAction2.java:44)
at java.base/jdk.internal.reflect.NativeMethodAccessorImpl.invoke0(Native Method)
at java.base/jdk.internal.reflect.NativeMethodAccessorImpl.invoke(NativeMethodAccessorImpl.java:77)
at java.base/jdk.internal.reflect.DelegatingMethodAccessorImpl.invoke(DelegatingMethodAccessorImpl.java:43)
at java.base/java.lang.reflect.Method.invoke(Method.java:568)
at org.testng.internal.invokers.MethodInvocationHelper.invokeMethod(MethodInvocationHelper.java:139)
at org.testng.internal.invokers.TestInvoker.invokeMethod(TestInvoker.java:677)
at org.testng.internal.invokers.TestInvoker.invokeTestMethod(TestInvoker.java:221)
at org.testng.internal.invokers.MethodRunner.runInSequence(MethodRunner.java:50)
at org.testng.internal.invokers.TestInvoker$MethodInvocationAgent.invoke(TestInvoker.java:969)
at org.testng.internal.invokers.TestInvoker.invokeTestMethods(TestInvoker.java:194)
at org.testng.internal.invokers.TestMethodWorker.invokeTestMethods(TestMethodWorker.java:148)
at org.testng.internal.invokers.TestMethodWorker.run(TestMethodWorker.java:128)
at java.base/java.util.ArrayList.forEach(ArrayList.java:1511)
at org.testng.TestRunner.privateRun(TestRunner.java:829)
at org.testng.TestRunner.run(TestRunner.java:602)
at org.testng.SuiteRunner.runTest(SuiteRunner.java:437)
at org.testng.SuiteRunner.runSequentially(SuiteRunner.java:431)
at org.testng.SuiteRunner.privateRun(SuiteRunner.java:391)
at org.testng.SuiteRunner.run(SuiteRunner.java:330)
at org.testng.SuiteRunnerWorker.runSuite(SuiteRunnerWorker.java:52)
at org.testng.SuiteRunnerWorker.run(SuiteRunnerWorker.java:95)
at org.testng.TestNG.runSuitesSequentially(TestNG.java:1256)
at org.testng.TestNG.runSuitesLocally(TestNG.java:1176)
at org.testng.TestNG.runSuites(TestNG.java:1099)
at org.testng.TestNG.run(TestNG.java:1067)
at org.testng.remote.AbstractRemoteTestNG.run(AbstractRemoteTestNG.java:115)
at org.testng.remote.RemoteTestNG.initAndRun(RemoteTestNG.java:293)
at org.testng.remote.RemoteTestNG.main(RemoteTestNG.java:91)
]]>
            </full-stacktrace>
          </exception> <!-- org.openqa.selenium.ElementNotInteractableException -->
          <reporter-output>
          </reporter-output>
        </test-method> <!-- SearchCars -->
        <test-method signature="SearchPlanes()[pri:0, instance:TestNGMethods.GoogleSearchPgAction2@710c2b53]" started-at="2026-05-27T21:28:24 EDT" name="SearchPlanes" finished-at="2026-05-27T21:28:33 EDT" duration-ms="8817" status="PASS">
          <reporter-output>
          </reporter-output>
        </test-method> <!-- SearchPlanes -->
        <test-method signature="SearchTrains()[pri:0, instance:TestNGMethods.GoogleSearchPgAction2@710c2b53]" started-at="2026-05-27T21:28:33 EDT" name="SearchTrains" finished-at="2026-05-27T21:28:42 EDT" duration-ms="8889" status="PASS">
          <reporter-output>
          </reporter-output>
        </test-method> <!-- SearchTrains -->
        <test-method is-config="true" signature="TearDown()[pri:0, instance:TestNGMethods.GoogleSearchPgAction2@710c2b53]" started-at="2026-05-27T21:28:42 EDT" name="TearDown" finished-at="2026-05-27T21:28:45 EDT" duration-ms="2920" status="PASS">
          <reporter-output>
          </reporter-output>
        </test-method> <!-- TearDown -->
      </class> <!-- TestNGMethods.GoogleSearchPgAction2 -->
    </test> <!-- Default test -->
  </suite> <!-- Default suite -->
</testng-results>
