<?xml version="1.0" encoding="UTF-8"?>
<testng-results ignored="1" total="3" passed="2" failed="0" skipped="0">
  <reporter-output>
  </reporter-output>
  <suite started-at="2023-03-13T23:31:19 EDT" name="Suite" finished-at="2023-03-13T23:31:51 EDT" duration-ms="32069">
    <groups>
    </groups>
    <test started-at="2023-03-13T23:31:19 EDT" name="Test" finished-at="2023-03-13T23:31:51 EDT" duration-ms="32069">
      <class name="TestNGMethods.GoogleSearchPgAction2">
        <test-method is-config="true" signature="StartUp()[pri:0, instance:TestNGMethods.GoogleSearchPgAction2@222545dc]" started-at="2023-03-13T23:31:19 EDT" name="StartUp" finished-at="2023-03-13T23:31:31 EDT" duration-ms="11647" status="PASS">
          <reporter-output>
          </reporter-output>
        </test-method> <!-- StartUp -->
        <test-method signature="SearchPlanes()[pri:0, instance:TestNGMethods.GoogleSearchPgAction2@222545dc]" started-at="2023-03-13T23:31:31 EDT" name="SearchPlanes" finished-at="2023-03-13T23:31:40 EDT" duration-ms="9749" status="PASS">
          <reporter-output>
          </reporter-output>
        </test-method> <!-- SearchPlanes -->
        <test-method signature="SearchTrains()[pri:0, instance:TestNGMethods.GoogleSearchPgAction2@222545dc]" started-at="2023-03-13T23:31:40 EDT" name="SearchTrains" finished-at="2023-03-13T23:31:48 EDT" duration-ms="7437" status="PASS">
          <reporter-output>
          </reporter-output>
        </test-method> <!-- SearchTrains -->
        <test-method is-config="true" signature="TearDown()[pri:0, instance:TestNGMethods.GoogleSearchPgAction2@222545dc]" started-at="2023-03-13T23:31:48 EDT" name="TearDown" finished-at="2023-03-13T23:31:51 EDT" duration-ms="3197" status="PASS">
          <reporter-output>
          </reporter-output>
        </test-method> <!-- TearDown -->
      </class> <!-- TestNGMethods.GoogleSearchPgAction2 -->
    </test> <!-- Test -->
  </suite> <!-- Suite -->
</testng-results>
