<?xml version="1.0" encoding="UTF-8"?>
<!-- Generated by org.testng.reporters.JUnitXMLReporter -->
<testsuite ignored="1" hostname="SBASU" failures="0" tests="2" name="Test" time="32.069" errors="0" timestamp="2023-03-13T23:31:51 EDT">
  <testcase classname="TestNGMethods.GoogleSearchPgAction2" name="SearchPlanes" time="9.749"/>
  <testcase classname="TestNGMethods.GoogleSearchPgAction2" name="SearchTrains" time="7.437"/>
  <testcase classname="TestNGMethods.GoogleSearchPgAction2" name="SearchCars" time="0.0">
    <ignored/>
  </testcase> <!-- SearchCars -->
</testsuite> <!-- Test -->
